<?xml version="1.0" encoding="UTF-8"?>
<!-- Generated by org.testng.reporters.JUnitReportReporter -->
<testsuite hostname="DESKTOP-6EN26E1" failures="0" tests="7" name="TestClass.LoginTestClass" time="34.277" errors="0" timestamp="2025-07-15T19:24:10 IST" skipped="0">
  <testcase classname="TestClass.LoginTestClass" name="verifySuccessfullLogin" time="10.746"/>
  <testcase classname="TestClass.LoginTestClass" name="verifyUnsuccessfullLogin" time="4.101"/>
  <testcase classname="TestClass.LoginTestClass" name="verifyUnsuccessfullLogin" time="4.099"/>
  <testcase classname="TestClass.LoginTestClass" name="verifyUnsuccessfullLogin" time="4.348"/>
  <testcase classname="TestClass.LoginTestClass" name="verifytheCurrentApplicationisloginWhileHitting" time="3.973"/>
  <testcase classname="TestClass.LoginTestClass" name="varifyRemembermeisCheckedOrnot" time="3.323"/>
  <testcase classname="TestClass.LoginTestClass" name="verifyAttributOfUsernameField" time="3.687"/>
</testsuite> <!-- TestClass.LoginTestClass -->
