<?xml version="1.0" encoding="UTF-8"?>
<!-- Generated by org.testng.reporters.JUnitReportReporter -->
<testsuite hostname="DESKTOP-6EN26E1" failures="0" tests="2" name="TestClass.DashboardTestClass" time="19.526" errors="0" timestamp="2025-07-16T14:40:57 IST" skipped="0">
  <testcase classname="TestClass.DashboardTestClass" name="verifytheToolTipShowed" time="10.646"/>
  <testcase classname="TestClass.DashboardTestClass" name="verifyLogoIsDisplayed" time="8.880"/>
</testsuite> <!-- TestClass.DashboardTestClass -->
