<?xml version="1.0" encoding="UTF-8"?>
<!-- Generated by org.testng.reporters.JUnitReportReporter -->
<testsuite hostname="DESKTOP-6EN26E1" failures="0" tests="3" name="TestClass.ClientTestClass" time="50.205" errors="0" timestamp="2025-07-15T19:24:10 IST" skipped="0">
  <testcase classname="TestClass.ClientTestClass" name="verifyCreateNewClient" time="17.225"/>
  <testcase classname="TestClass.ClientTestClass" name="verifySearchClientfunctionality" time="20.212"/>
  <testcase classname="TestClass.ClientTestClass" name="verifyNewClientButtonisVisible" time="12.768"/>
</testsuite> <!-- TestClass.ClientTestClass -->
