<?xml version="1.0" encoding="UTF-8"?>
<!-- Generated by org.testng.reporters.JUnitReportReporter -->
<testsuite hostname="DESKTOP-6EN26E1" failures="0" tests="1" name="TestClass.DashboardTestClass" time="15.835" errors="0" timestamp="2025-07-10T09:52:10 IST" skipped="0">
  <testcase classname="TestClass.DashboardTestClass" name="verifytheToolTipShowed" time="15.835"/>
</testsuite> <!-- TestClass.DashboardTestClass -->
