<?xml version="1.0" encoding="UTF-8"?>
<!-- Generated by org.testng.reporters.JUnitReportReporter -->
<testsuite hostname="DESKTOP-6EN26E1" failures="0" tests="3" name="TestClass.LoginTestClass" time="13.876" errors="0" timestamp="2025-07-14T11:23:16 IST" skipped="0">
  <testcase classname="TestClass.LoginTestClass" name="verifyUnsuccessfullLogin" time="5.852"/>
  <testcase classname="TestClass.LoginTestClass" name="verifyUnsuccessfullLogin" time="3.751"/>
  <testcase classname="TestClass.LoginTestClass" name="verifyUnsuccessfullLogin" time="4.273"/>
</testsuite> <!-- TestClass.LoginTestClass -->
