<?xml version="1.0" encoding="UTF-8"?>
<!-- Generated by org.testng.reporters.JUnitReportReporter -->
<testsuite hostname="DESKTOP-6EN26E1" failures="0" tests="2" name="TestClass.OppertunityTestClass" time="26.176" errors="0" timestamp="2025-07-15T19:24:10 IST" skipped="0">
  <testcase classname="TestClass.OppertunityTestClass" name="verifyoppertunityTitleIsvisible" time="13.700"/>
  <testcase classname="TestClass.OppertunityTestClass" name="verifySearchResultContainsTester" time="12.476"/>
</testsuite> <!-- TestClass.OppertunityTestClass -->
