<?xml version="1.0" encoding="UTF-8"?>
<!-- Generated by org.testng.reporters.JUnitReportReporter -->
<testsuite hostname="DESKTOP-6EN26E1" failures="0" tests="1" name="TestClass.OppertunityTestClass" time="15.869" errors="0" timestamp="2025-07-14T11:27:48 IST" skipped="0">
  <testcase classname="TestClass.OppertunityTestClass" name="verifySearchResultContainsTester" time="15.869"/>
</testsuite> <!-- TestClass.OppertunityTestClass -->
