<?xml version="1.0" encoding="UTF-8"?>
<!-- Generated by org.testng.reporters.JUnitReportReporter -->
<testsuite hostname="DESKTOP-6EN26E1" failures="0" tests="7" name="TestClass.LoginTestClass" time="45.243" errors="0" timestamp="2025-07-15T15:08:14 IST" skipped="0">
  <testcase classname="TestClass.LoginTestClass" name="verifytheCurrentApplicationisloginWhileHitting" time="5.615"/>
  <testcase classname="TestClass.LoginTestClass" name="verifyAttributOfUsernameField" time="6.064"/>
  <testcase classname="TestClass.LoginTestClass" name="varifyRemembermeisCheckedOrnot" time="3.328"/>
  <testcase classname="TestClass.LoginTestClass" name="verifyUnsuccessfullLogin" time="4.636"/>
  <testcase classname="TestClass.LoginTestClass" name="verifyUnsuccessfullLogin" time="6.450"/>
  <testcase classname="TestClass.LoginTestClass" name="verifySuccessfullLogin" time="12.391"/>
  <testcase classname="TestClass.LoginTestClass" name="verifyUnsuccessfullLogin" time="6.759"/>
</testsuite> <!-- TestClass.LoginTestClass -->
