<?xml version="1.0" encoding="UTF-8"?>
<!-- Generated by org.testng.reporters.JUnitReportReporter -->
<testsuite hostname="DESKTOP-6EN26E1" failures="0" tests="2" name="TestClass.DashboardTestClass" time="24.950" errors="0" timestamp="2025-07-15T19:24:10 IST" skipped="0">
  <testcase classname="TestClass.DashboardTestClass" name="verifytheToolTipShowed" time="12.691"/>
  <testcase classname="TestClass.DashboardTestClass" name="verifyLogoIsDisplayed" time="12.259"/>
</testsuite> <!-- TestClass.DashboardTestClass -->
