<?xml version="1.0" encoding="UTF-8"?>
<!-- Generated by org.testng.reporters.JUnitReportReporter -->
<testsuite hostname="DESKTOP-6EN26E1" failures="0" tests="1" name="TestClass.OppertunityTestClass" time="16.279" errors="0" timestamp="2025-07-09T16:42:51 IST" skipped="0">
  <testcase classname="TestClass.OppertunityTestClass" name="verifyoppertunityTitleIsvisible" time="16.279"/>
</testsuite> <!-- TestClass.OppertunityTestClass -->
