<?xml version="1.0" encoding="UTF-8"?>
<!-- Generated by org.testng.reporters.JUnitReportReporter -->
<testsuite hostname="DESKTOP-6EN26E1" failures="0" tests="1" name="TestClass.ClientTestClass" time="22.888" errors="0" timestamp="2025-07-10T14:55:36 IST" skipped="0">
  <testcase classname="TestClass.ClientTestClass" name="verifySearchClientfunctionality" time="22.888"/>
</testsuite> <!-- TestClass.ClientTestClass -->
