<?xml version="1.0" encoding="UTF-8"?>
<!-- Generated by org.testng.reporters.JUnitReportReporter -->
<testsuite hostname="DESKTOP-6EN26E1" failures="0" tests="1" name="TestClass.TestClasses" time="4.423" errors="0" timestamp="2025-07-06T21:10:50 IST" skipped="0">
  <testcase classname="TestClass.TestClasses" name="verifyUnsuccessfullLogin" time="4.423"/>
</testsuite> <!-- TestClass.TestClasses -->
