<?xml version="1.0" encoding="UTF-8"?>
<!-- Generated by org.testng.reporters.JUnitReportReporter -->
<testsuite hostname="DESKTOP-6EN26E1" failures="0" tests="1" name="TestClass.LoginTestClass" time="5.819" errors="0" timestamp="2025-07-10T09:39:19 IST" skipped="0">
  <testcase classname="TestClass.LoginTestClass" name="verifyAttributOfUsernameField" time="5.819"/>
</testsuite> <!-- TestClass.LoginTestClass -->
